c:\users\mercy\desktop\curl example\auth\x64\debug\vc142.pdb
c:\users\mercy\desktop\curl example\auth\x64\debug\vc142.idb
c:\users\mercy\desktop\curl example\auth\x64\debug\source.obj
c:\users\mercy\desktop\curl example\auth\x64\debug\voice_manager.obj
c:\users\mercy\desktop\curl example\auth\x64\debug\user_manager.obj
c:\users\mercy\desktop\curl example\auth\x64\debug\types.obj
c:\users\mercy\desktop\curl example\auth\x64\debug\store_manager.obj
c:\users\mercy\desktop\curl example\auth\x64\debug\storage_manager.obj
c:\users\mercy\desktop\curl example\auth\x64\debug\relationship_manager.obj
c:\users\mercy\desktop\curl example\auth\x64\debug\overlay_manager.obj
c:\users\mercy\desktop\curl example\auth\x64\debug\network_manager.obj
c:\users\mercy\desktop\curl example\auth\x64\debug\lobby_manager.obj
c:\users\mercy\desktop\curl example\auth\x64\debug\image_manager.obj
c:\users\mercy\desktop\curl example\auth\x64\debug\core.obj
c:\users\mercy\desktop\curl example\auth\x64\debug\application_manager.obj
c:\users\mercy\desktop\curl example\auth\x64\debug\activity_manager.obj
c:\users\mercy\desktop\curl example\auth\x64\debug\achievement_manager.obj
c:\users\mercy\desktop\curl example\x64\debug\auth.exe
c:\users\mercy\desktop\curl example\auth\x64\debug\auth.ilk
c:\users\mercy\desktop\curl example\x64\debug\auth.pdb
c:\users\mercy\desktop\curl example\auth\x64\debug\auth.tlog\cl.command.1.tlog
c:\users\mercy\desktop\curl example\auth\x64\debug\auth.tlog\cl.read.1.tlog
c:\users\mercy\desktop\curl example\auth\x64\debug\auth.tlog\cl.write.1.tlog
c:\users\mercy\desktop\curl example\auth\x64\debug\auth.tlog\link.command.1.tlog
c:\users\mercy\desktop\curl example\auth\x64\debug\auth.tlog\link.read.1.tlog
c:\users\mercy\desktop\curl example\auth\x64\debug\auth.tlog\link.write.1.tlog
